<?xml version="1.0" encoding="UTF-8"?>
<testng-results skipped="0" failed="0" total="2" passed="2">
  <reporter-output>
  </reporter-output>
  <suite name="Web" duration-ms="230238" started-at="2020-10-01T16:47:37Z" finished-at="2020-10-01T16:51:27Z">
    <groups>
    </groups>
    <test name="WebPWAMixpanelScript" duration-ms="230238" started-at="2020-10-01T16:47:37Z" finished-at="2020-10-01T16:51:27Z">
      <class name="com.zee5.PWAMixpanelScripts.WebPWAMixpanelScript">
        <test-method status="PASS" signature="init()[pri:0, instance:com.zee5.PWAMixpanelScripts.WebPWAMixpanelScript@38425407]" name="init" is-config="true" duration-ms="15641" started-at="2020-10-01T22:17:37Z" finished-at="2020-10-01T22:17:53Z">
          <reporter-output>
          </reporter-output>
        </test-method> <!-- init -->
        <test-method status="PASS" signature="PWAWEBMixPanelLogin(java.lang.String)[pri:1, instance:com.zee5.PWAMixpanelScripts.WebPWAMixpanelScript@38425407]" name="PWAWEBMixPanelLogin" duration-ms="69054" started-at="2020-10-01T22:17:53Z" finished-at="2020-10-01T22:19:02Z">
          <params>
            <param index="0">
              <value>
                <![CDATA[Guest]]>
              </value>
            </param>
          </params>
          <reporter-output>
          </reporter-output>
        </test-method> <!-- PWAWEBMixPanelLogin -->
        <test-method status="PASS" signature="verifyLoginScreenDisplayEventByClickingOnLoginButtonInGetPremiumPopUp(java.lang.String, java.lang.String)[pri:10, instance:com.zee5.PWAMixpanelScripts.WebPWAMixpanelScript@38425407]" name="verifyLoginScreenDisplayEventByClickingOnLoginButtonInGetPremiumPopUp" duration-ms="143114" started-at="2020-10-01T22:19:03Z" finished-at="2020-10-01T22:21:26Z">
          <params>
            <param index="0">
              <value>
                <![CDATA[Guest]]>
              </value>
            </param>
            <param index="1">
              <value>
                <![CDATA[Chemistry of Kariyappa]]>
              </value>
            </param>
          </params>
          <reporter-output>
          </reporter-output>
        </test-method> <!-- verifyLoginScreenDisplayEventByClickingOnLoginButtonInGetPremiumPopUp -->
        <test-method status="PASS" signature="tearDown()[pri:0, instance:com.zee5.PWAMixpanelScripts.WebPWAMixpanelScript@38425407]" name="tearDown" is-config="true" duration-ms="889" started-at="2020-10-01T22:21:26Z" finished-at="2020-10-01T22:21:27Z">
          <reporter-output>
          </reporter-output>
        </test-method> <!-- tearDown -->
      </class> <!-- com.zee5.PWAMixpanelScripts.WebPWAMixpanelScript -->
    </test> <!-- WebPWAMixpanelScript -->
  </suite> <!-- Web -->
</testng-results>
